--------------------------------------------------
Moving /home/aryan/Accolite University/Angular 7.0 + FIREBASE/Organic Kart 1/O-Kart/src/app/models -> /home/aryan/Accolite University/Angular 7.0 + FIREBASE/Organic Kart 1/O-Kart/src/app/shared/models
--------------------------------------------------
Files changed:
/home/aryan/Accolite University/Angular 7.0 + FIREBASE/Organic Kart 1/O-Kart/src/app/user.service.ts
/home/aryan/Accolite University/Angular 7.0 + FIREBASE/Organic Kart 1/O-Kart/src/app/auth.service.ts
/home/aryan/Accolite University/Angular 7.0 + FIREBASE/Organic Kart 1/O-Kart/src/app/bs-navbar/bs-navbar.component.ts
/home/aryan/Accolite University/Angular 7.0 + FIREBASE/Organic Kart 1/O-Kart/src/app/shopping-cart.service.ts
/home/aryan/Accolite University/Angular 7.0 + FIREBASE/Organic Kart 1/O-Kart/src/app/shipping-form/shipping-form.component.ts
/home/aryan/Accolite University/Angular 7.0 + FIREBASE/Organic Kart 1/O-Kart/src/app/shopping-cart-summary/shopping-cart-summary.component.ts
/home/aryan/Accolite University/Angular 7.0 + FIREBASE/Organic Kart 1/O-Kart/src/app/products/products.component.ts
/home/aryan/Accolite University/Angular 7.0 + FIREBASE/Organic Kart 1/O-Kart/src/app/check-out/check-out.component.ts
/home/aryan/Accolite University/Angular 7.0 + FIREBASE/Organic Kart 1/O-Kart/src/app/product-card/product-card.component.ts
/home/aryan/Accolite University/Angular 7.0 + FIREBASE/Organic Kart 1/O-Kart/src/app/product-quantity/product-quantity.component.ts
/home/aryan/Accolite University/Angular 7.0 + FIREBASE/Organic Kart 1/O-Kart/src/app/admin/admin-products/admin-products.component.ts
/home/aryan/Accolite University/Angular 7.0 + FIREBASE/Organic Kart 1/O-Kart/src/app/admin/admin-orders/admin-orders.component.ts
--------------------------------------------------
Moving /home/aryan/Accolite University/Angular 7.0 + FIREBASE/Organic Kart 1/O-Kart/src/app/auth-guard.service.ts -> /home/aryan/Accolite University/Angular 7.0 + FIREBASE/Organic Kart 1/O-Kart/src/app/shared/services/auth-guard.service.ts
--------------------------------------------------
Files changed:
/home/aryan/Accolite University/Angular 7.0 + FIREBASE/Organic Kart 1/O-Kart/src/app/auth-guard.service.spec.ts
/home/aryan/Accolite University/Angular 7.0 + FIREBASE/Organic Kart 1/O-Kart/src/app/app.module.ts
/home/aryan/Accolite University/Angular 7.0 + FIREBASE/Organic Kart 1/O-Kart/src/app/shared/services/auth-guard.service.ts
--------------------------------------------------
Moving /home/aryan/Accolite University/Angular 7.0 + FIREBASE/Organic Kart 1/O-Kart/src/app/product-card -> /home/aryan/Accolite University/Angular 7.0 + FIREBASE/Organic Kart 1/O-Kart/src/app/shared/product-card
--------------------------------------------------
Files changed:
/home/aryan/Accolite University/Angular 7.0 + FIREBASE/Organic Kart 1/O-Kart/src/app/app.module.ts
/home/aryan/Accolite University/Angular 7.0 + FIREBASE/Organic Kart 1/O-Kart/src/app/shared/product-card/product-card.component.ts
--------------------------------------------------
Moving /home/aryan/Accolite University/Angular 7.0 + FIREBASE/Organic Kart 1/O-Kart/src/app/product-quantity -> /home/aryan/Accolite University/Angular 7.0 + FIREBASE/Organic Kart 1/O-Kart/src/app/shared/product-quantity
--------------------------------------------------
Files changed:
/home/aryan/Accolite University/Angular 7.0 + FIREBASE/Organic Kart 1/O-Kart/src/app/app.module.ts
/home/aryan/Accolite University/Angular 7.0 + FIREBASE/Organic Kart 1/O-Kart/src/app/shared/product-quantity/product-quantity.component.ts
--------------------------------------------------
Moving /home/aryan/Accolite University/Angular 7.0 + FIREBASE/Organic Kart 1/O-Kart/src/app/auth-guard.service.spec.ts -> /home/aryan/Accolite University/Angular 7.0 + FIREBASE/Organic Kart 1/O-Kart/src/app/shared/services/auth-guard.service.spec.ts
--------------------------------------------------
Files changed:
--------------------------------------------------
Moving:
           /home/aryan/Accolite University/Angular 7.0 + FIREBASE/Organic Kart 1/O-Kart/src/app/auth.service.spec.ts -> /home/aryan/Accolite University/Angular 7.0 + FIREBASE/Organic Kart 1/O-Kart/src/app/shared/services/auth.service.spec.ts
           /home/aryan/Accolite University/Angular 7.0 + FIREBASE/Organic Kart 1/O-Kart/src/app/auth.service.ts -> /home/aryan/Accolite University/Angular 7.0 + FIREBASE/Organic Kart 1/O-Kart/src/app/shared/services/auth.service.ts
--------------------------------------------------
Files changed:
/home/aryan/Accolite University/Angular 7.0 + FIREBASE/Organic Kart 1/O-Kart/src/app/app.component.ts
/home/aryan/Accolite University/Angular 7.0 + FIREBASE/Organic Kart 1/O-Kart/src/app/admin-auth-guard.service.ts
/home/aryan/Accolite University/Angular 7.0 + FIREBASE/Organic Kart 1/O-Kart/src/app/login/login.component.ts
/home/aryan/Accolite University/Angular 7.0 + FIREBASE/Organic Kart 1/O-Kart/src/app/my-orders/my-orders.component.ts
/home/aryan/Accolite University/Angular 7.0 + FIREBASE/Organic Kart 1/O-Kart/src/app/bs-navbar/bs-navbar.component.ts
/home/aryan/Accolite University/Angular 7.0 + FIREBASE/Organic Kart 1/O-Kart/src/app/shipping-form/shipping-form.component.ts
/home/aryan/Accolite University/Angular 7.0 + FIREBASE/Organic Kart 1/O-Kart/src/app/shared/services/auth-guard.service.ts
/home/aryan/Accolite University/Angular 7.0 + FIREBASE/Organic Kart 1/O-Kart/src/app/app.module.ts
/home/aryan/Accolite University/Angular 7.0 + FIREBASE/Organic Kart 1/O-Kart/src/app/shared/services/auth.service.ts
--------------------------------------------------
Moving:
           /home/aryan/Accolite University/Angular 7.0 + FIREBASE/Organic Kart 1/O-Kart/src/app/category.service.spec.ts -> /home/aryan/Accolite University/Angular 7.0 + FIREBASE/Organic Kart 1/O-Kart/src/app/shared/services/category.service.spec.ts
           /home/aryan/Accolite University/Angular 7.0 + FIREBASE/Organic Kart 1/O-Kart/src/app/category.service.ts -> /home/aryan/Accolite University/Angular 7.0 + FIREBASE/Organic Kart 1/O-Kart/src/app/shared/services/category.service.ts
--------------------------------------------------
Files changed:
/home/aryan/Accolite University/Angular 7.0 + FIREBASE/Organic Kart 1/O-Kart/src/app/products/product-filter/product-filter.component.ts
/home/aryan/Accolite University/Angular 7.0 + FIREBASE/Organic Kart 1/O-Kart/src/app/admin/product-form/product-form.component.ts
/home/aryan/Accolite University/Angular 7.0 + FIREBASE/Organic Kart 1/O-Kart/src/app/app.module.ts
--------------------------------------------------
Moving:
           /home/aryan/Accolite University/Angular 7.0 + FIREBASE/Organic Kart 1/O-Kart/src/app/order.service.spec.ts -> /home/aryan/Accolite University/Angular 7.0 + FIREBASE/Organic Kart 1/O-Kart/src/app/shared/services/order.service.spec.ts
           /home/aryan/Accolite University/Angular 7.0 + FIREBASE/Organic Kart 1/O-Kart/src/app/order.service.ts -> /home/aryan/Accolite University/Angular 7.0 + FIREBASE/Organic Kart 1/O-Kart/src/app/shared/services/order.service.ts
           /home/aryan/Accolite University/Angular 7.0 + FIREBASE/Organic Kart 1/O-Kart/src/app/product.service.spec.ts -> /home/aryan/Accolite University/Angular 7.0 + FIREBASE/Organic Kart 1/O-Kart/src/app/shared/services/product.service.spec.ts
           /home/aryan/Accolite University/Angular 7.0 + FIREBASE/Organic Kart 1/O-Kart/src/app/product.service.ts -> /home/aryan/Accolite University/Angular 7.0 + FIREBASE/Organic Kart 1/O-Kart/src/app/shared/services/product.service.ts
           /home/aryan/Accolite University/Angular 7.0 + FIREBASE/Organic Kart 1/O-Kart/src/app/shopping-cart.service.spec.ts -> /home/aryan/Accolite University/Angular 7.0 + FIREBASE/Organic Kart 1/O-Kart/src/app/shared/services/shopping-cart.service.spec.ts
           /home/aryan/Accolite University/Angular 7.0 + FIREBASE/Organic Kart 1/O-Kart/src/app/shopping-cart.service.ts -> /home/aryan/Accolite University/Angular 7.0 + FIREBASE/Organic Kart 1/O-Kart/src/app/shared/services/shopping-cart.service.ts
           /home/aryan/Accolite University/Angular 7.0 + FIREBASE/Organic Kart 1/O-Kart/src/app/user.service.spec.ts -> /home/aryan/Accolite University/Angular 7.0 + FIREBASE/Organic Kart 1/O-Kart/src/app/shared/services/user.service.spec.ts
           /home/aryan/Accolite University/Angular 7.0 + FIREBASE/Organic Kart 1/O-Kart/src/app/user.service.ts -> /home/aryan/Accolite University/Angular 7.0 + FIREBASE/Organic Kart 1/O-Kart/src/app/shared/services/user.service.ts
--------------------------------------------------
Files changed:
/home/aryan/Accolite University/Angular 7.0 + FIREBASE/Organic Kart 1/O-Kart/src/app/app.component.ts
/home/aryan/Accolite University/Angular 7.0 + FIREBASE/Organic Kart 1/O-Kart/src/app/admin-auth-guard.service.ts
/home/aryan/Accolite University/Angular 7.0 + FIREBASE/Organic Kart 1/O-Kart/src/app/shared/services/auth.service.ts
/home/aryan/Accolite University/Angular 7.0 + FIREBASE/Organic Kart 1/O-Kart/src/app/app.module.ts
/home/aryan/Accolite University/Angular 7.0 + FIREBASE/Organic Kart 1/O-Kart/src/app/shopping-cart/shopping-cart.component.ts
/home/aryan/Accolite University/Angular 7.0 + FIREBASE/Organic Kart 1/O-Kart/src/app/products/products.component.ts
/home/aryan/Accolite University/Angular 7.0 + FIREBASE/Organic Kart 1/O-Kart/src/app/check-out/check-out.component.ts
/home/aryan/Accolite University/Angular 7.0 + FIREBASE/Organic Kart 1/O-Kart/src/app/shared/product-card/product-card.component.ts
/home/aryan/Accolite University/Angular 7.0 + FIREBASE/Organic Kart 1/O-Kart/src/app/shared/product-quantity/product-quantity.component.ts
/home/aryan/Accolite University/Angular 7.0 + FIREBASE/Organic Kart 1/O-Kart/src/app/bs-navbar/bs-navbar.component.ts
/home/aryan/Accolite University/Angular 7.0 + FIREBASE/Organic Kart 1/O-Kart/src/app/admin/admin-orders/admin-orders.component.ts
/home/aryan/Accolite University/Angular 7.0 + FIREBASE/Organic Kart 1/O-Kart/src/app/shipping-form/shipping-form.component.ts
/home/aryan/Accolite University/Angular 7.0 + FIREBASE/Organic Kart 1/O-Kart/src/app/my-orders/my-orders.component.ts
/home/aryan/Accolite University/Angular 7.0 + FIREBASE/Organic Kart 1/O-Kart/src/app/admin/admin-products/admin-products.component.ts
/home/aryan/Accolite University/Angular 7.0 + FIREBASE/Organic Kart 1/O-Kart/src/app/admin/product-form/product-form.component.ts
--------------------------------------------------
Moving:
           /home/aryan/Accolite University/Angular 7.0 + FIREBASE/Organic Kart 1/O-Kart/src/app/shared/product-card -> /home/aryan/Accolite University/Angular 7.0 + FIREBASE/Organic Kart 1/O-Kart/src/app/shared/components/product-card
           /home/aryan/Accolite University/Angular 7.0 + FIREBASE/Organic Kart 1/O-Kart/src/app/shared/product-quantity -> /home/aryan/Accolite University/Angular 7.0 + FIREBASE/Organic Kart 1/O-Kart/src/app/shared/components/product-quantity
--------------------------------------------------
Files changed:
/home/aryan/Accolite University/Angular 7.0 + FIREBASE/Organic Kart 1/O-Kart/src/app/app.module.ts
