[2019-07-02 15:31:38.468] [sharedprocess] [info] main {"machineId":"113c7eb6828b08fc5b9f0093fe4f5cfe4c5f748f4543146a9e052d9c70bdf4f4"}
[2019-07-02 15:31:38.718] [sharedprocess] [info] Scanned user extensions: 5
[2019-07-02 15:31:38.823] [sharedprocess] [info] Scanned user extensions: 5
[2019-07-02 15:31:39.240] [sharedprocess] [info] Scanned user extensions: 5
[2019-07-02 15:31:39.337] [sharedprocess] [info] Scanned system extensions: 72
[2019-07-02 15:31:39.339] [sharedprocess] [info] Scanned system extensions: 72
[2019-07-02 15:31:39.467] [sharedprocess] [info] Scanned user extensions: 5
[2019-07-02 15:31:39.482] [sharedprocess] [info] Scanned system extensions: 72
[2019-07-02 15:32:18.410] [sharedprocess] [info] Starting to clean up unused language packs.
[2019-07-02 15:36:39.303] [sharedprocess] [info] Scanned user extensions: 5
[2019-07-02 15:41:39.350] [sharedprocess] [info] Scanned user extensions: 5
[2019-07-02 15:46:39.379] [sharedprocess] [info] Scanned user extensions: 5
[2019-07-02 15:51:39.392] [sharedprocess] [info] Scanned user extensions: 5
[2019-07-02 15:56:39.424] [sharedprocess] [info] Scanned user extensions: 5
[2019-07-02 16:01:39.469] [sharedprocess] [info] Scanned user extensions: 5
[2019-07-02 16:02:00.501] [sharedprocess] [info] Scanned user extensions: 5
[2019-07-02 16:06:39.488] [sharedprocess] [info] Scanned user extensions: 5
[2019-07-02 16:11:39.662] [sharedprocess] [info] Scanned user extensions: 5
[2019-07-02 16:12:13.643] [sharedprocess] [info] Scanned user extensions: 5
[2019-07-02 16:12:13.648] [sharedprocess] [info] Scanned user extensions: 5
[2019-07-02 16:12:13.663] [sharedprocess] [info] Scanned user extensions: 5
[2019-07-02 16:12:13.666] [sharedprocess] [info] Scanned user extensions: 5
[2019-07-02 16:12:13.948] [sharedprocess] [info] Scanned system extensions: 72
[2019-07-02 16:12:13.970] [sharedprocess] [info] Scanned system extensions: 72
[2019-07-02 16:12:13.997] [sharedprocess] [info] Scanned system extensions: 72
[2019-07-02 16:12:14.112] [sharedprocess] [info] Scanned user extensions: 5
[2019-07-02 16:12:14.144] [sharedprocess] [info] Scanned user extensions: 5
[2019-07-02 16:12:14.168] [sharedprocess] [info] Scanned user extensions: 5
[2019-07-02 16:12:14.173] [sharedprocess] [info] Scanned system extensions: 72
[2019-07-02 16:12:14.204] [sharedprocess] [info] Scanned system extensions: 72
[2019-07-02 16:12:14.216] [sharedprocess] [info] Scanned system extensions: 72
[2019-07-02 16:12:23.462] [sharedprocess] [info] Scanned user extensions: 5
[2019-07-02 16:12:23.463] [sharedprocess] [info] Uninstalling extension: steoates.autoimport
[2019-07-02 16:12:23.469] [sharedprocess] [info] Scanned user extensions: 5
[2019-07-02 16:12:23.530] [sharedprocess] [info] Successfully uninstalled extension: steoates.autoimport
[2019-07-02 16:12:30.803] [sharedprocess] [info] Scanned user extensions: 4
[2019-07-02 16:12:30.897] [sharedprocess] [info] Scanned system extensions: 72
[2019-07-02 16:12:30.898] [sharedprocess] [info] Scanned system extensions: 72
[2019-07-02 16:12:30.899] [sharedprocess] [info] Scanned system extensions: 72
[2019-07-02 16:12:30.899] [sharedprocess] [info] Scanned system extensions: 72
[2019-07-02 16:12:30.933] [sharedprocess] [info] Scanned user extensions: 4
[2019-07-02 16:12:31.032] [sharedprocess] [info] Scanned system extensions: 72
[2019-07-02 16:12:31.124] [sharedprocess] [info] Scanned user extensions: 4
[2019-07-02 16:12:31.224] [sharedprocess] [info] Scanned user extensions: 4
[2019-07-02 16:12:31.313] [sharedprocess] [info] Scanned user extensions: 4
[2019-07-02 16:12:31.416] [sharedprocess] [info] Scanned user extensions: 4
[2019-07-02 16:12:31.441] [sharedprocess] [info] Scanned system extensions: 72
[2019-07-02 16:12:31.460] [sharedprocess] [info] Scanned system extensions: 72
[2019-07-02 16:12:31.494] [sharedprocess] [info] Scanned user extensions: 4
[2019-07-02 16:12:31.560] [sharedprocess] [info] Scanned system extensions: 72
[2019-07-02 16:12:31.571] [sharedprocess] [info] Scanned user extensions: 4
[2019-07-02 16:12:31.693] [sharedprocess] [info] Scanned user extensions: 4
[2019-07-02 16:12:33.620] [sharedprocess] [info] Scanned user extensions: 4
[2019-07-02 16:17:33.719] [sharedprocess] [info] Scanned user extensions: 4
[2019-07-02 16:22:33.805] [sharedprocess] [info] Scanned user extensions: 4
[2019-07-02 16:27:33.900] [sharedprocess] [info] Scanned user extensions: 4
[2019-07-02 16:32:33.997] [sharedprocess] [info] Scanned user extensions: 4
[2019-07-02 16:37:34.159] [sharedprocess] [info] Scanned user extensions: 4
[2019-07-02 16:42:34.329] [sharedprocess] [info] Scanned user extensions: 4
[2019-07-02 16:47:34.444] [sharedprocess] [info] Scanned user extensions: 4
[2019-07-02 16:52:34.523] [sharedprocess] [info] Scanned user extensions: 4
[2019-07-02 16:57:34.636] [sharedprocess] [info] Scanned user extensions: 4
[2019-07-02 17:02:34.705] [sharedprocess] [info] Scanned user extensions: 4
[2019-07-02 17:07:34.774] [sharedprocess] [info] Scanned user extensions: 4
[2019-07-02 17:12:34.902] [sharedprocess] [info] Scanned user extensions: 4
[2019-07-02 17:17:34.990] [sharedprocess] [info] Scanned user extensions: 4
[2019-07-02 17:22:35.086] [sharedprocess] [info] Scanned user extensions: 4
[2019-07-02 17:27:35.288] [sharedprocess] [info] Scanned user extensions: 4
[2019-07-02 17:32:35.401] [sharedprocess] [info] Scanned user extensions: 4
[2019-07-02 17:37:35.471] [sharedprocess] [info] Scanned user extensions: 4
[2019-07-02 17:42:35.577] [sharedprocess] [info] Scanned user extensions: 4
[2019-07-02 17:47:35.677] [sharedprocess] [info] Scanned user extensions: 4
[2019-07-02 17:52:35.766] [sharedprocess] [info] Scanned user extensions: 4
