[2019-07-02 15:31:36.916] [exthost] [info] extension host started
[2019-07-02 15:31:36.976] [exthost] [info] ExtensionService#_doActivateExtension vscode.extension-editing {"startup":false,"activationEvent":"onLanguage:typescript"}
[2019-07-02 15:31:36.976] [exthost] [info] ExtensionService#loadCommonJSModule /usr/share/code/resources/app/extensions/extension-editing/dist/extension
[2019-07-02 15:31:37.091] [exthost] [info] ExtensionService#_doActivateExtension vscode.typescript-language-features {"startup":false,"activationEvent":"onLanguage:typescript"}
[2019-07-02 15:31:37.091] [exthost] [info] ExtensionService#loadCommonJSModule /usr/share/code/resources/app/extensions/typescript-language-features/dist/extension
[2019-07-02 15:31:37.307] [exthost] [info] ExtensionService#_doActivateExtension rbbit.typescript-hero {"startup":false,"activationEvent":"onLanguage:typescript"}
[2019-07-02 15:31:37.307] [exthost] [info] ExtensionService#loadCommonJSModule /home/aryan/.vscode/extensions/rbbit.typescript-hero-3.0.0/out/src/extension
[2019-07-02 15:31:40.538] [exthost] [info] ExtensionService#_doActivateExtension steoates.autoimport {"startup":false,"activationEvent":"onLanguage:typescript"}
[2019-07-02 15:31:40.538] [exthost] [info] ExtensionService#loadCommonJSModule /home/aryan/.vscode/extensions/steoates.autoimport-1.5.3/out/src/extension
[2019-07-02 15:31:40.820] [exthost] [info] ExtensionService#_doActivateExtension vscode.debug-auto-launch {"startup":true,"activationEvent":"*"}
[2019-07-02 15:31:40.820] [exthost] [info] ExtensionService#loadCommonJSModule /usr/share/code/resources/app/extensions/debug-auto-launch/dist/extension
[2019-07-02 15:31:40.845] [exthost] [info] ExtensionService#_doActivateExtension vscode.emmet {"startup":true,"activationEvent":"*"}
[2019-07-02 15:31:40.845] [exthost] [info] ExtensionService#loadCommonJSModule /usr/share/code/resources/app/extensions/emmet/dist/extension
[2019-07-02 15:31:40.869] [exthost] [info] ExtensionService#_doActivateExtension vscode.git {"startup":true,"activationEvent":"*"}
[2019-07-02 15:31:40.869] [exthost] [info] ExtensionService#loadCommonJSModule /usr/share/code/resources/app/extensions/git/dist/main
[2019-07-02 15:31:41.015] [exthost] [info] ExtensionService#_doActivateExtension vscode.merge-conflict {"startup":true,"activationEvent":"*"}
[2019-07-02 15:31:41.015] [exthost] [info] ExtensionService#loadCommonJSModule /usr/share/code/resources/app/extensions/merge-conflict/dist/extension
[2019-07-02 15:31:41.026] [exthost] [info] eager extensions activated
[2019-07-02 15:31:46.361] [exthost] [info] ExtensionService#_doActivateExtension vscode.configuration-editing {"startup":false,"activationEvent":"onLanguage:jsonc"}
[2019-07-02 15:31:46.361] [exthost] [info] ExtensionService#loadCommonJSModule /usr/share/code/resources/app/extensions/configuration-editing/dist/extension
[2019-07-02 15:31:46.446] [exthost] [info] ExtensionService#_doActivateExtension vscode.json-language-features {"startup":false,"activationEvent":"onLanguage:jsonc"}
[2019-07-02 15:31:46.446] [exthost] [info] ExtensionService#loadCommonJSModule /usr/share/code/resources/app/extensions/json-language-features/client/dist/jsonMain
[2019-07-02 15:58:06.682] [exthost] [info] ExtensionService#_doActivateExtension stringham.move-ts {"startup":false,"activationEvent":"onCommand:move-ts.move"}
[2019-07-02 15:58:06.683] [exthost] [info] ExtensionService#loadCommonJSModule /home/aryan/.vscode/extensions/stringham.move-ts-1.11.5/out/src/extension
[2019-07-02 16:12:31.547] [exthost] [info] extension host started
[2019-07-02 16:12:31.600] [exthost] [info] ExtensionService#_doActivateExtension vscode.extension-editing {"startup":false,"activationEvent":"onLanguage:typescript"}
[2019-07-02 16:12:31.600] [exthost] [info] ExtensionService#loadCommonJSModule /usr/share/code/resources/app/extensions/extension-editing/dist/extension
[2019-07-02 16:12:31.713] [exthost] [info] ExtensionService#_doActivateExtension vscode.typescript-language-features {"startup":false,"activationEvent":"onLanguage:typescript"}
[2019-07-02 16:12:31.713] [exthost] [info] ExtensionService#loadCommonJSModule /usr/share/code/resources/app/extensions/typescript-language-features/dist/extension
[2019-07-02 16:12:31.824] [exthost] [info] ExtensionService#_doActivateExtension rbbit.typescript-hero {"startup":false,"activationEvent":"onLanguage:typescript"}
[2019-07-02 16:12:31.824] [exthost] [info] ExtensionService#loadCommonJSModule /home/aryan/.vscode/extensions/rbbit.typescript-hero-3.0.0/out/src/extension
[2019-07-02 16:12:33.708] [exthost] [info] ExtensionService#_doActivateExtension vscode.debug-auto-launch {"startup":true,"activationEvent":"*"}
[2019-07-02 16:12:33.709] [exthost] [info] ExtensionService#loadCommonJSModule /usr/share/code/resources/app/extensions/debug-auto-launch/dist/extension
[2019-07-02 16:12:33.731] [exthost] [info] ExtensionService#_doActivateExtension vscode.emmet {"startup":true,"activationEvent":"*"}
[2019-07-02 16:12:33.731] [exthost] [info] ExtensionService#loadCommonJSModule /usr/share/code/resources/app/extensions/emmet/dist/extension
[2019-07-02 16:12:33.788] [exthost] [info] ExtensionService#_doActivateExtension vscode.git {"startup":true,"activationEvent":"*"}
[2019-07-02 16:12:33.788] [exthost] [info] ExtensionService#loadCommonJSModule /usr/share/code/resources/app/extensions/git/dist/main
[2019-07-02 16:12:33.919] [exthost] [info] ExtensionService#_doActivateExtension vscode.merge-conflict {"startup":true,"activationEvent":"*"}
[2019-07-02 16:12:33.919] [exthost] [info] ExtensionService#loadCommonJSModule /usr/share/code/resources/app/extensions/merge-conflict/dist/extension
[2019-07-02 16:12:33.931] [exthost] [info] eager extensions activated
[2019-07-02 16:12:41.545] [exthost] [info] ExtensionService#_doActivateExtension vscode.configuration-editing {"startup":false,"activationEvent":"onLanguage:jsonc"}
[2019-07-02 16:12:41.545] [exthost] [info] ExtensionService#loadCommonJSModule /usr/share/code/resources/app/extensions/configuration-editing/dist/extension
[2019-07-02 16:12:41.677] [exthost] [info] ExtensionService#_doActivateExtension vscode.json-language-features {"startup":false,"activationEvent":"onLanguage:jsonc"}
[2019-07-02 16:12:41.677] [exthost] [info] ExtensionService#loadCommonJSModule /usr/share/code/resources/app/extensions/json-language-features/client/dist/jsonMain
[2019-07-02 16:18:51.091] [exthost] [info] ExtensionService#_doActivateExtension stringham.move-ts {"startup":false,"activationEvent":"onCommand:move-ts.move"}
[2019-07-02 16:18:51.091] [exthost] [info] ExtensionService#loadCommonJSModule /home/aryan/.vscode/extensions/stringham.move-ts-1.11.5/out/src/extension
[2019-07-02 16:40:36.732] [exthost] [info] ExtensionService#_doActivateExtension vscode.html-language-features {"startup":false,"activationEvent":"onLanguage:html"}
[2019-07-02 16:40:36.732] [exthost] [info] ExtensionService#loadCommonJSModule /usr/share/code/resources/app/extensions/html-language-features/client/dist/htmlMain
[2019-07-02 16:47:21.091] [exthost] [info] ExtensionService#_doActivateExtension vscode.css-language-features {"startup":false,"activationEvent":"onLanguage:css"}
[2019-07-02 16:47:21.091] [exthost] [info] ExtensionService#loadCommonJSModule /usr/share/code/resources/app/extensions/css-language-features/client/dist/cssMain
[2019-07-02 17:25:08.807] [exthost] [info] ExtensionService#_doActivateExtension vscode.npm {"startup":false,"activationEvent":"onLanguage:json"}
[2019-07-02 17:25:08.807] [exthost] [info] ExtensionService#loadCommonJSModule /usr/share/code/resources/app/extensions/npm/dist/main
