[2019-07-02 14:33:53.720] [sharedprocess] [info] main {"machineId":"113c7eb6828b08fc5b9f0093fe4f5cfe4c5f748f4543146a9e052d9c70bdf4f4"}
[2019-07-02 14:33:53.870] [sharedprocess] [info] Scanned user extensions: 3
[2019-07-02 14:33:54.032] [sharedprocess] [info] Scanned user extensions: 3
[2019-07-02 14:33:54.033] [sharedprocess] [info] Scanned user extensions: 3
[2019-07-02 14:33:54.039] [sharedprocess] [info] Scanned user extensions: 3
[2019-07-02 14:33:54.263] [sharedprocess] [info] Scanned system extensions: 72
[2019-07-02 14:33:54.266] [sharedprocess] [info] Scanned system extensions: 72
[2019-07-02 14:33:54.281] [sharedprocess] [info] Scanned system extensions: 72
[2019-07-02 14:33:54.387] [sharedprocess] [info] Scanned user extensions: 3
[2019-07-02 14:33:54.409] [sharedprocess] [info] Scanned system extensions: 72
[2019-07-02 14:34:33.688] [sharedprocess] [info] Starting to clean up unused language packs.
[2019-07-02 14:38:54.067] [sharedprocess] [info] Scanned user extensions: 3
[2019-07-02 14:40:22.169] [sharedprocess] [info] Scanned user extensions: 3
[2019-07-02 14:40:22.172] [sharedprocess] [info] Scanned user extensions: 3
[2019-07-02 14:40:22.175] [sharedprocess] [info] Scanned user extensions: 3
[2019-07-02 14:40:22.177] [sharedprocess] [info] Scanned user extensions: 3
[2019-07-02 14:40:22.243] [sharedprocess] [info] Scanned system extensions: 72
[2019-07-02 14:40:22.247] [sharedprocess] [info] Scanned system extensions: 72
[2019-07-02 14:40:22.250] [sharedprocess] [info] Scanned system extensions: 72
[2019-07-02 14:40:22.309] [sharedprocess] [info] Scanned user extensions: 3
[2019-07-02 14:40:22.360] [sharedprocess] [info] Scanned user extensions: 3
[2019-07-02 14:40:22.386] [sharedprocess] [info] Scanned user extensions: 3
[2019-07-02 14:40:22.391] [sharedprocess] [info] Scanned system extensions: 72
[2019-07-02 14:40:22.417] [sharedprocess] [info] Scanned system extensions: 72
[2019-07-02 14:40:22.423] [sharedprocess] [info] Scanned system extensions: 72
[2019-07-02 14:40:36.048] [sharedprocess] [info] Installing extension: stringham.move-ts
[2019-07-02 14:40:36.060] [sharedprocess] [info] Scanned user extensions: 3
[2019-07-02 14:40:37.132] [sharedprocess] [info] Downloaded extension: stringham.move-ts /tmp/d17569b3-c074-438c-ba32-8aee03df9083
[2019-07-02 14:40:37.879] [sharedprocess] [info] Extracted extension to /home/aryan/.vscode/extensions/.stringham.move-ts-1.11.5: stringham.move-ts
[2019-07-02 14:40:37.879] [sharedprocess] [info] Renamed to /home/aryan/.vscode/extensions/stringham.move-ts-1.11.5
[2019-07-02 14:40:37.880] [sharedprocess] [info] Installation completed. stringham.move-ts
[2019-07-02 14:40:37.954] [sharedprocess] [info] Extensions installed successfully: stringham.move-ts
[2019-07-02 14:40:41.129] [sharedprocess] [info] Scanned user extensions: 4
[2019-07-02 14:40:41.131] [sharedprocess] [info] Scanned user extensions: 4
[2019-07-02 14:40:41.132] [sharedprocess] [info] Scanned user extensions: 4
[2019-07-02 14:40:41.185] [sharedprocess] [info] Scanned system extensions: 72
[2019-07-02 14:40:41.188] [sharedprocess] [info] Scanned system extensions: 72
[2019-07-02 14:40:41.193] [sharedprocess] [info] Scanned system extensions: 72
[2019-07-02 14:40:41.259] [sharedprocess] [info] Scanned user extensions: 4
[2019-07-02 14:40:41.260] [sharedprocess] [info] Scanned user extensions: 4
[2019-07-02 14:40:41.293] [sharedprocess] [info] Scanned user extensions: 4
[2019-07-02 14:40:41.326] [sharedprocess] [info] Scanned system extensions: 72
[2019-07-02 14:40:41.330] [sharedprocess] [info] Scanned system extensions: 72
[2019-07-02 14:40:41.343] [sharedprocess] [info] Scanned system extensions: 72
[2019-07-02 14:40:49.262] [sharedprocess] [info] Installing extension: rbbit.typescript-hero
[2019-07-02 14:40:49.329] [sharedprocess] [info] Scanned user extensions: 4
[2019-07-02 14:40:51.269] [sharedprocess] [info] Downloaded extension: rbbit.typescript-hero /tmp/a0bf1a00-9cee-4c3c-9379-a2fca71dcb10
[2019-07-02 14:40:54.494] [sharedprocess] [info] Extracted extension to /home/aryan/.vscode/extensions/.rbbit.typescript-hero-3.0.0: rbbit.typescript-hero
[2019-07-02 14:40:54.495] [sharedprocess] [info] Renamed to /home/aryan/.vscode/extensions/rbbit.typescript-hero-3.0.0
[2019-07-02 14:40:54.496] [sharedprocess] [info] Installation completed. rbbit.typescript-hero
[2019-07-02 14:40:54.569] [sharedprocess] [info] Extensions installed successfully: rbbit.typescript-hero
[2019-07-02 14:43:54.131] [sharedprocess] [info] Scanned user extensions: 5
[2019-07-02 14:48:54.151] [sharedprocess] [info] Scanned user extensions: 5
[2019-07-02 14:53:54.170] [sharedprocess] [info] Scanned user extensions: 5
[2019-07-02 14:58:54.199] [sharedprocess] [info] Scanned user extensions: 5
[2019-07-02 15:03:54.295] [sharedprocess] [info] Scanned user extensions: 5
[2019-07-02 15:08:54.409] [sharedprocess] [info] Scanned user extensions: 5
[2019-07-02 15:13:54.441] [sharedprocess] [info] Scanned user extensions: 5
[2019-07-02 15:18:54.461] [sharedprocess] [info] Scanned user extensions: 5
[2019-07-02 15:23:54.503] [sharedprocess] [info] Scanned user extensions: 5
[2019-07-02 15:28:54.547] [sharedprocess] [info] Scanned user extensions: 5
