[2019-07-02 14:33:52.020] [exthost] [info] extension host started
[2019-07-02 14:33:52.039] [exthost] [info] ExtensionService#_doActivateExtension vscode.debug-auto-launch {"startup":true,"activationEvent":"*"}
[2019-07-02 14:33:52.039] [exthost] [info] ExtensionService#loadCommonJSModule /usr/share/code/resources/app/extensions/debug-auto-launch/dist/extension
[2019-07-02 14:33:52.057] [exthost] [info] ExtensionService#_doActivateExtension vscode.emmet {"startup":true,"activationEvent":"*"}
[2019-07-02 14:33:52.057] [exthost] [info] ExtensionService#loadCommonJSModule /usr/share/code/resources/app/extensions/emmet/dist/extension
[2019-07-02 14:33:52.079] [exthost] [info] ExtensionService#_doActivateExtension vscode.git {"startup":true,"activationEvent":"*"}
[2019-07-02 14:33:52.079] [exthost] [info] ExtensionService#loadCommonJSModule /usr/share/code/resources/app/extensions/git/dist/main
[2019-07-02 14:33:52.217] [exthost] [info] ExtensionService#_doActivateExtension vscode.merge-conflict {"startup":true,"activationEvent":"*"}
[2019-07-02 14:33:52.217] [exthost] [info] ExtensionService#loadCommonJSModule /usr/share/code/resources/app/extensions/merge-conflict/dist/extension
[2019-07-02 14:33:52.236] [exthost] [info] eager extensions activated
[2019-07-02 14:34:13.018] [exthost] [info] ExtensionService#_doActivateExtension vscode.html-language-features {"startup":false,"activationEvent":"onLanguage:html"}
[2019-07-02 14:34:13.018] [exthost] [info] ExtensionService#loadCommonJSModule /usr/share/code/resources/app/extensions/html-language-features/client/dist/htmlMain
[2019-07-02 14:38:50.837] [exthost] [info] ExtensionService#_doActivateExtension vscode.configuration-editing {"startup":false,"activationEvent":"onLanguage:jsonc"}
[2019-07-02 14:38:50.837] [exthost] [info] ExtensionService#loadCommonJSModule /usr/share/code/resources/app/extensions/configuration-editing/dist/extension
[2019-07-02 14:38:50.927] [exthost] [info] ExtensionService#_doActivateExtension vscode.json-language-features {"startup":false,"activationEvent":"onLanguage:jsonc"}
[2019-07-02 14:38:50.928] [exthost] [info] ExtensionService#loadCommonJSModule /usr/share/code/resources/app/extensions/json-language-features/client/dist/jsonMain
[2019-07-02 14:38:51.072] [exthost] [info] ExtensionService#_doActivateExtension vscode.typescript-language-features {"startup":false,"activationEvent":"onLanguage:jsonc"}
[2019-07-02 14:38:51.072] [exthost] [info] ExtensionService#loadCommonJSModule /usr/share/code/resources/app/extensions/typescript-language-features/dist/extension
[2019-07-02 14:42:09.993] [exthost] [info] ExtensionService#_doActivateExtension vscode.extension-editing {"startup":false,"activationEvent":"onLanguage:typescript"}
[2019-07-02 14:42:09.993] [exthost] [info] ExtensionService#loadCommonJSModule /usr/share/code/resources/app/extensions/extension-editing/dist/extension
[2019-07-02 14:42:10.131] [exthost] [info] ExtensionService#_doActivateExtension steoates.autoimport {"startup":false,"activationEvent":"onLanguage:typescript"}
[2019-07-02 14:42:10.131] [exthost] [info] ExtensionService#loadCommonJSModule /home/aryan/.vscode/extensions/steoates.autoimport-1.5.3/out/src/extension
[2019-07-02 14:42:10.397] [exthost] [info] ExtensionService#_doActivateExtension rbbit.typescript-hero {"startup":false,"activationEvent":"onLanguage:typescript"}
[2019-07-02 14:42:10.397] [exthost] [info] ExtensionService#loadCommonJSModule /home/aryan/.vscode/extensions/rbbit.typescript-hero-3.0.0/out/src/extension
[2019-07-02 14:47:13.066] [exthost] [info] ExtensionService#_doActivateExtension stringham.move-ts {"startup":false,"activationEvent":"onCommand:move-ts.move"}
[2019-07-02 14:47:13.066] [exthost] [info] ExtensionService#loadCommonJSModule /home/aryan/.vscode/extensions/stringham.move-ts-1.11.5/out/src/extension
